<?xml version="1.0" encoding="UTF-8"?>
<testsuite name="goatcitadel-verification" tests="14" failures="1" skipped="0" time="470.898">
    <testcase classname="fast" name="Skill catalog coverage" time="0.462" />
    <testcase classname="fast" name="Repo hygiene" time="1.633"><failure message="Repo hygiene check failed:
- [TRACKED_PERSONAL_PATH] docs/citadel_update/review-2026-07-02/FINDINGS_REPORT_R2.html: Tracked file contains Windows F drive source path.
- [TRACKED_PERSONAL_PATH] docs/citadel_update/review-2026-07-02/FINDINGS_REPORT_R2.html: Tracked file contains local user profile path.
- [TRACKED_PERSONAL_PATH] docs/citadel_update/review-2026-07-02/findings/R2_LEDGER.md: Tracked file contains Windows F drive source path.
- [TRACKED_PERSONAL_PATH] docs/citadel_update/review-2026-07-02/findings/verifications.jsonl: Tracked file contains Windows F drive source path.
- [TRACKED_PERSONAL_PATH] docs/citadel_update/review-2026-07-02/findings/verifications.jsonl: Tracked file contains local user profile path.
">Repo hygiene check failed:
- [TRACKED_PERSONAL_PATH] docs/citadel_update/review-2026-07-02/FINDINGS_REPORT_R2.html: Tracked file contains Windows F drive source path.
- [TRACKED_PERSONAL_PATH] docs/citadel_update/review-2026-07-02/FINDINGS_REPORT_R2.html: Tracked file contains local user profile path.
- [TRACKED_PERSONAL_PATH] docs/citadel_update/review-2026-07-02/findings/R2_LEDGER.md: Tracked file contains Windows F drive source path.
- [TRACKED_PERSONAL_PATH] docs/citadel_update/review-2026-07-02/findings/verifications.jsonl: Tracked file contains Windows F drive source path.
- [TRACKED_PERSONAL_PATH] docs/citadel_update/review-2026-07-02/findings/verifications.jsonl: Tracked file contains local user profile path.
</failure></testcase>
    <testcase classname="fast" name="Storage migration parity" time="0.539" />
    <testcase classname="fast" name="Extensions SDK build" time="10.312" />
    <testcase classname="fast" name="Extensions SDK package artifact" time="0.856" />
    <testcase classname="fast" name="Root typecheck" time="106.815" />
    <testcase classname="fast" name="Gateway tests" time="164.821" />
    <testcase classname="fast" name="Storage tests" time="70.624" />
    <testcase classname="fast" name="Policy engine tests" time="19.294" />
    <testcase classname="fast" name="Mission Control Next tests" time="65.841" />
    <testcase classname="fast" name="Library and desktop tests" time="56.987" />
    <testcase classname="fast" name="Gateway smoke (fast profile)" time="5.024" />
    <testcase classname="fast" name="Root build" time="30.807" />
    <testcase classname="fast" name="Docs checks" time="2.694" />
</testsuite>
